<?xml version="1.0" encoding="UTF-8"?>
<!-- Generated by org.testng.reporters.JUnitXMLReporter -->
<testsuite ignored="0" hostname="Users-MacBook-Pro.local" failures="1" tests="1" name="Default test" time="7.098" errors="0" timestamp="09 Oct 2021 16:39:38 GMT">
  <testcase classname="io.cucumber.testng.AbstractTestNGCucumberTests" name="runScenario" time="6.62">
    <failure type="java.lang.NullPointerException" message="Cannot invoke &amp;quot;org.openqa.selenium.SearchContext.findElement(org.openqa.selenium.By)&amp;quot; because &amp;quot;this.searchContext&amp;quot; is null">
      <![CDATA[java.lang.NullPointerException: Cannot invoke "org.openqa.selenium.SearchContext.findElement(org.openqa.selenium.By)" because "this.searchContext" is null
at org.openqa.selenium.support.pagefactory.DefaultElementLocator.findElement(DefaultElementLocator.java:69)
at org.openqa.selenium.support.pagefactory.internal.LocatingElementHandler.invoke(LocatingElementHandler.java:38)
at com.sun.proxy.$Proxy21.sendKeys(Unknown Source)
at com.pageobjectmodel.NewAccountPage.getfirstname(NewAccountPage.java:23)
at com.stepdefination.NewAccountStep.user_provide_first_name_and_last_name_as_a(NewAccountStep.java:37)
at ✽.user provide first name and last name as a "tareq"(file:///Users/user/eclipse-workspace/MyPraicticeAutoMation/Feature/Createyoutubaccoun.feature:6)
]]>
    </failure>
  </testcase> <!-- runScenario -->
</testsuite> <!-- Default test -->
