<?xml version="1.0" encoding="UTF-8"?>
<testng-results ignored="0" total="1" passed="0" failed="1" skipped="0">
  <reporter-output>
  </reporter-output>
  <suite started-at="2021-10-09T16:39:31Z" name="Default suite" finished-at="2021-10-09T16:39:38Z" duration-ms="7098">
    <groups>
      <group name="cucumber">
        <method signature="AbstractTestNGCucumberTests.runScenario(io.cucumber.testng.PickleWrapper, io.cucumber.testng.FeatureWrapper)[pri:0, instance:com.testrunner.Testrunner@27d5a580]" name="runScenario" class="io.cucumber.testng.AbstractTestNGCucumberTests"/>
      </group> <!-- cucumber -->
    </groups>
    <test started-at="2021-10-09T16:39:31Z" name="Default test" finished-at="2021-10-09T16:39:38Z" duration-ms="7098">
      <class name="com.testrunner.Testrunner">
        <test-method is-config="true" signature="setUpClass()[pri:0, instance:com.testrunner.Testrunner@27d5a580]" started-at="2021-10-09T16:39:31Z" name="setUpClass" finished-at="2021-10-09T16:39:32Z" duration-ms="417" status="PASS">
          <reporter-output>
          </reporter-output>
        </test-method> <!-- setUpClass -->
        <test-method signature="runScenario(io.cucumber.testng.PickleWrapper, io.cucumber.testng.FeatureWrapper)[pri:0, instance:com.testrunner.Testrunner@27d5a580]" started-at="2021-10-09T16:39:32Z" name="runScenario" description="Runs Cucumber Scenarios" data-provider="scenarios" finished-at="2021-10-09T16:39:38Z" duration-ms="6620" status="FAIL">
          <params>
            <param index="0">
              <value>
                <![CDATA["Youtube create account with valide informations"]]>
              </value>
            </param>
            <param index="1">
              <value>
                <![CDATA["Optional[youtube create account]"]]>
              </value>
            </param>
          </params>
          <exception class="java.lang.NullPointerException">
            <message>
              <![CDATA[Cannot invoke "org.openqa.selenium.SearchContext.findElement(org.openqa.selenium.By)" because "this.searchContext" is null]]>
            </message>
            <full-stacktrace>
              <![CDATA[java.lang.NullPointerException: Cannot invoke "org.openqa.selenium.SearchContext.findElement(org.openqa.selenium.By)" because "this.searchContext" is null
at org.openqa.selenium.support.pagefactory.DefaultElementLocator.findElement(DefaultElementLocator.java:69)
at org.openqa.selenium.support.pagefactory.internal.LocatingElementHandler.invoke(LocatingElementHandler.java:38)
at com.sun.proxy.$Proxy21.sendKeys(Unknown Source)
at com.pageobjectmodel.NewAccountPage.getfirstname(NewAccountPage.java:23)
at com.stepdefination.NewAccountStep.user_provide_first_name_and_last_name_as_a(NewAccountStep.java:37)
at ✽.user provide first name and last name as a "tareq"(file:///Users/user/eclipse-workspace/MyPraicticeAutoMation/Feature/Createyoutubaccoun.feature:6)
]]>
            </full-stacktrace>
          </exception> <!-- java.lang.NullPointerException -->
          <reporter-output>
          </reporter-output>
        </test-method> <!-- runScenario -->
        <test-method is-config="true" signature="tearDownClass()[pri:0, instance:com.testrunner.Testrunner@27d5a580]" started-at="2021-10-09T16:39:38Z" name="tearDownClass" finished-at="2021-10-09T16:39:38Z" duration-ms="20" status="PASS">
          <reporter-output>
          </reporter-output>
        </test-method> <!-- tearDownClass -->
      </class> <!-- com.testrunner.Testrunner -->
    </test> <!-- Default test -->
  </suite> <!-- Default suite -->
</testng-results>
