<?xml version="1.0" encoding="UTF-8"?>
<!-- Generated by org.testng.reporters.JUnitReportReporter -->
<testsuite hostname="Users-MacBook-Pro.local" failures="0" tests="1" name="com.testrunner.Testrunner" time="6.620" errors="1" timestamp="09 Oct 2021 16:39:38 GMT" skipped="0">
  <testcase classname="com.testrunner.Testrunner" name="runScenario" time="6.620">
    <error message="Cannot invoke &quot;org.openqa.selenium.SearchContext.findElement(org.openqa.selenium.By)&quot; because &quot;this.searchContext&quot; is null" type="java.lang.NullPointerException">
      <![CDATA[java.lang.NullPointerException: Cannot invoke "org.openqa.selenium.SearchContext.findElement(org.openqa.selenium.By)" because "this.searchContext" is null
at org.openqa.selenium.support.pagefactory.DefaultElementLocator.findElement(DefaultElementLocator.java:69)
at org.openqa.selenium.support.pagefactory.internal.LocatingElementHandler.invoke(LocatingElementHandler.java:38)
at com.sun.proxy.$Proxy21.sendKeys(Unknown Source)
at com.pageobjectmodel.NewAccountPage.getfirstname(NewAccountPage.java:23)
at com.stepdefination.NewAccountStep.user_provide_first_name_and_last_name_as_a(NewAccountStep.java:37)
at ✽.user provide first name and last name as a "tareq"(file:///Users/user/eclipse-workspace/MyPraicticeAutoMation/Feature/Createyoutubaccoun.feature:6)
]]>
    </error>
  </testcase> <!-- runScenario -->
</testsuite> <!-- com.testrunner.Testrunner -->
